Using pre-set license
Built from '2021.3/staging' branch; Version is '2021.3.20f1 (577897200b8b) revision 5732503'; Using compiler version '192829333'; Build Type 'Release'
OS: 'Windows 10  (10.0.19045) 64bit Professional' Language: 'ko' Physical Memory: 16194 MB
BatchMode: 1, IsHumanControllingUs: 0, StartBugReporterOnCrash: 0, Is64bit: 1, IsPro: 1

COMMAND LINE ARGUMENTS:
C:\Program Files\Unity\Hub\Editor\2021.3.20f1\Editor\Unity.exe
-adb2
-batchMode
-noUpm
-name
AssetImportWorker4
-projectPath
C:/Users/SGA/Desktop/Winstone/202306_Unity3D/heightmap
-logFile
Logs/AssetImportWorker4.log
-srvPort
63344
Successfully changed project path to: C:/Users/SGA/Desktop/Winstone/202306_Unity3D/heightmap
C:/Users/SGA/Desktop/Winstone/202306_Unity3D/heightmap
[UnityMemory] Configuration Parameters - Can be set up in boot.config
    "memorysetup-bucket-allocator-granularity=16"
    "memorysetup-bucket-allocator-bucket-count=8"
    "memorysetup-bucket-allocator-block-size=33554432"
    "memorysetup-bucket-allocator-block-count=8"
    "memorysetup-main-allocator-block-size=16777216"
    "memorysetup-thread-allocator-block-size=16777216"
    "memorysetup-gfx-main-allocator-block-size=16777216"
    "memorysetup-gfx-thread-allocator-block-size=16777216"
    "memorysetup-cache-allocator-block-size=4194304"
    "memorysetup-typetree-allocator-block-size=2097152"
    "memorysetup-profiler-bucket-allocator-granularity=16"
    "memorysetup-profiler-bucket-allocator-bucket-count=8"
    "memorysetup-profiler-bucket-allocator-block-size=33554432"
    "memorysetup-profiler-bucket-allocator-block-count=8"
    "memorysetup-profiler-allocator-block-size=16777216"
    "memorysetup-profiler-editor-allocator-block-size=1048576"
    "memorysetup-temp-allocator-size-main=16777216"
    "memorysetup-job-temp-allocator-block-size=2097152"
    "memorysetup-job-temp-allocator-block-size-background=1048576"
    "memorysetup-job-temp-allocator-reduction-small-platforms=262144"
    "memorysetup-temp-allocator-size-background-worker=32768"
    "memorysetup-temp-allocator-size-job-worker=262144"
    "memorysetup-temp-allocator-size-preload-manager=33554432"
    "memorysetup-temp-allocator-size-nav-mesh-worker=65536"
    "memorysetup-temp-allocator-size-audio-worker=65536"
    "memorysetup-temp-allocator-size-cloud-worker=32768"
    "memorysetup-temp-allocator-size-gi-baking-worker=262144"
    "memorysetup-temp-allocator-size-gfx=262144"
Player connection [8804] Host "[IP] 192.168.0.112 [Port] 0 [Flags] 2 [Guid] 1554637166 [EditorId] 1554637166 [Version] 1048832 [Id] WindowsEditor(7,DESKTOP-HQKDT44) [Debug] 1 [PackageName] WindowsEditor [ProjectName] Editor" joined multi-casting on [225.0.0.222:54997]...

Player connection [8804] Host "[IP] 192.168.0.112 [Port] 0 [Flags] 2 [Guid] 1554637166 [EditorId] 1554637166 [Version] 1048832 [Id] WindowsEditor(7,DESKTOP-HQKDT44) [Debug] 1 [PackageName] WindowsEditor [ProjectName] Editor" joined alternative multi-casting on [225.0.0.222:34997]...

Refreshing native plugins compatible for Editor in 59.61 ms, found 3 plugins.
Preloading 0 native plugins for Editor in 0.00 ms.
Initialize engine version: 2021.3.20f1 (577897200b8b)
[Subsystems] Discovering subsystems at path C:/Program Files/Unity/Hub/Editor/2021.3.20f1/Editor/Data/Resources/UnitySubsystems
[Subsystems] Discovering subsystems at path C:/Users/SGA/Desktop/Winstone/202306_Unity3D/heightmap/Assets
GfxDevice: creating device client; threaded=0; jobified=0
Direct3D:
    Version:  Direct3D 11.0 [level 11.1]
    Renderer: NVIDIA GeForce GTX 1650 (ID=0x1f82)
    Vendor:   NVIDIA
    VRAM:     3962 MB
    Driver:   31.0.15.1694
Initialize mono
Mono path[0] = 'C:/Program Files/Unity/Hub/Editor/2021.3.20f1/Editor/Data/Managed'
Mono path[1] = 'C:/Program Files/Unity/Hub/Editor/2021.3.20f1/Editor/Data/MonoBleedingEdge/lib/mono/unityjit-win32'
Mono config path = 'C:/Program Files/Unity/Hub/Editor/2021.3.20f1/Editor/Data/MonoBleedingEdge/etc'
Using monoOptions --debugger-agent=transport=dt_socket,embedding=1,server=y,suspend=n,address=127.0.0.1:56832
Begin MonoManager ReloadAssembly
Registering precompiled unity dll's ...
Register platform support module: C:/Program Files/Unity/Hub/Editor/2021.3.20f1/Editor/Data/PlaybackEngines/AndroidPlayer/UnityEditor.Android.Extensions.dll
Register platform support module: C:/Program Files/Unity/Hub/Editor/2021.3.20f1/Editor/Data/PlaybackEngines/WindowsStandaloneSupport/UnityEditor.WindowsStandalone.Extensions.dll
Registered in 0.008129 seconds.
Native extension for WindowsStandalone target not found
Native extension for Android target not found
Android Extension - Scanning For ADB Devices 200 ms
Refreshing native plugins compatible for Editor in 55.30 ms, found 3 plugins.
Preloading 0 native plugins for Editor in 0.00 ms.
Mono: successfully reloaded assembly
- Completed reload, in  0.764 seconds
Domain Reload Profiling:
	ReloadAssembly (765ms)
		BeginReloadAssembly (87ms)
			ExecutionOrderSort (0ms)
			DisableScriptedObjects (0ms)
			BackupInstance (0ms)
			ReleaseScriptingObjects (0ms)
			CreateAndSetChildDomain (1ms)
		EndReloadAssembly (588ms)
			LoadAssemblies (86ms)
			RebuildTransferFunctionScriptingTraits (0ms)
			SetupTypeCache (87ms)
			ReleaseScriptCaches (0ms)
			RebuildScriptCaches (20ms)
			SetupLoadedEditorAssemblies (435ms)
				LogAssemblyErrors (0ms)
				InitializePlatformSupportModulesInManaged (259ms)
				SetLoadedEditorAssemblies (0ms)
				RefreshPlugins (55ms)
				BeforeProcessingInitializeOnLoad (1ms)
				ProcessInitializeOnLoadAttributes (81ms)
				ProcessInitializeOnLoadMethodAttributes (38ms)
				AfterProcessingInitializeOnLoad (0ms)
				EditorAssembliesLoaded (0ms)
			ExecutionOrderSort2 (0ms)
			AwakeInstancesAfterBackupRestoration (0ms)
Platform modules already initialized, skipping
Registering precompiled user dll's ...
Registered in 0.005230 seconds.
Begin MonoManager ReloadAssembly
Symbol file LoadedFromMemory doesn't match image C:\Users\SGA\Desktop\Winstone\202306_Unity3D\heightmap\Library\PackageCache\com.unity.visualscripting@1.8.0\Editor\VisualScripting.Core\Dependencies\YamlDotNet\Unity.VisualScripting.YamlDotNet.dll
Symbol file LoadedFromMemory doesn't match image C:\Users\SGA\Desktop\Winstone\202306_Unity3D\heightmap\Library\PackageCache\com.unity.visualscripting@1.8.0\Editor\VisualScripting.Core\Dependencies\DotNetZip\Unity.VisualScripting.IonicZip.dll
Native extension for WindowsStandalone target not found
Native extension for Android target not found
Refreshing native plugins compatible for Editor in 0.41 ms, found 3 plugins.
Preloading 0 native plugins for Editor in 0.00 ms.
Mono: successfully reloaded assembly
- Completed reload, in  0.868 seconds
Domain Reload Profiling:
	ReloadAssembly (869ms)
		BeginReloadAssembly (102ms)
			ExecutionOrderSort (0ms)
			DisableScriptedObjects (4ms)
			BackupInstance (0ms)
			ReleaseScriptingObjects (0ms)
			CreateAndSetChildDomain (16ms)
		EndReloadAssembly (674ms)
			LoadAssemblies (88ms)
			RebuildTransferFunctionScriptingTraits (0ms)
			SetupTypeCache (240ms)
			ReleaseScriptCaches (0ms)
			RebuildScriptCaches (45ms)
			SetupLoadedEditorAssemblies (272ms)
				LogAssemblyErrors (0ms)
				InitializePlatformSupportModulesInManaged (16ms)
				SetLoadedEditorAssemblies (0ms)
				RefreshPlugins (0ms)
				BeforeProcessingInitializeOnLoad (63ms)
				ProcessInitializeOnLoadAttributes (169ms)
				ProcessInitializeOnLoadMethodAttributes (15ms)
				AfterProcessingInitializeOnLoad (8ms)
				EditorAssembliesLoaded (0ms)
			ExecutionOrderSort2 (0ms)
			AwakeInstancesAfterBackupRestoration (6ms)
Platform modules already initialized, skipping
========================================================================
Worker process is ready to serve import requests
Launched and connected shader compiler UnityShaderCompiler.exe after 0.03 seconds
Refreshing native plugins compatible for Editor in 0.39 ms, found 3 plugins.
Preloading 0 native plugins for Editor in 0.00 ms.
Unloading 3047 Unused Serialized files (Serialized files now loaded: 0)
Unloading 24 unused Assets / (114.0 KB). Loaded Objects now: 3526.
Memory consumption went from 119.8 MB to 119.7 MB.
Total: 2.051800 ms (FindLiveObjects: 0.165800 ms CreateObjectMapping: 0.071300 ms MarkObjects: 1.729900 ms  DeleteObjects: 0.084100 ms)

AssetImportParameters requested are different than current active one (requested -> active):
  custom:video-decoder-ogg-theora: a1e56fd34408186e4bbccfd4996cb3dc -> 
  custom:container-muxer-webm: aa71ff27fc2769a1b78a27578f13a17b -> 
  custom:container-demuxer-webm: 4f35f7cbe854078d1ac9338744f61a02 -> 
  custom:video-encoder-webm-vp8: eb34c28f22e8b96e1ab97ce403110664 -> 
  custom:audio-encoder-webm-vorbis: bf7c407c2cedff20999df2af8eb42d56 -> 
  custom:framework-win-MediaFoundation: 216162199b28c13a410421893ffa2e32 -> 
  custom:container-demuxer-ogg: 62fdf1f143b41e24485cea50d1cbac27 -> 
  custom:video-decoder-webm-vp8: 9c59270c3fd7afecdb556c50c9e8de78 -> 
  custom:audio-decoder-ogg-vorbis: bf7c407c2cedff20999df2af8eb42d56 -> 
========================================================================
Received Import Request.
  Time since last request: 7874.816561 seconds.
  path: Assets/TerrainData_e314fe6e-2f34-4ffd-89ca-85702ea14682.asset
  artifactKey: Guid(575ccee94c714b8488362f07269cec8f) Importer(815301076,1909f56bfc062723c751e8b465ee728b)
Start importing Assets/TerrainData_e314fe6e-2f34-4ffd-89ca-85702ea14682.asset using Guid(575ccee94c714b8488362f07269cec8f) Importer(815301076,1909f56bfc062723c751e8b465ee728b)  -> (artifact id: 'fba5e20c2caf9c3258218b9515156078') in 0.048134 seconds 
========================================================================
Received Import Request.
  Time since last request: 0.323389 seconds.
  path: Assets/TerrainData_486aef24-79a0-45cd-98d3-4894e779b019.asset
  artifactKey: Guid(c70475b5e33ebd742866f7c7e96fddae) Importer(815301076,1909f56bfc062723c751e8b465ee728b)
Start importing Assets/TerrainData_486aef24-79a0-45cd-98d3-4894e779b019.asset using Guid(c70475b5e33ebd742866f7c7e96fddae) Importer(815301076,1909f56bfc062723c751e8b465ee728b)  -> (artifact id: '8f09dc2880d8ea1e841e83422bbd25c4') in 0.023825 seconds 
========================================================================
Received Import Request.
  Time since last request: 0.392998 seconds.
  path: Assets/TerrainData_1168962e-5017-4cfe-989e-a7d556cf8332.asset
  artifactKey: Guid(ced38103a17cbd04dbcdfc7944f0b1cb) Importer(815301076,1909f56bfc062723c751e8b465ee728b)
Start importing Assets/TerrainData_1168962e-5017-4cfe-989e-a7d556cf8332.asset using Guid(ced38103a17cbd04dbcdfc7944f0b1cb) Importer(815301076,1909f56bfc062723c751e8b465ee728b)  -> (artifact id: '1185088bb79ccce69f2e1e9a54e8690c') in 0.024844 seconds 
========================================================================
Received Import Request.
  Time since last request: 0.297725 seconds.
  path: Assets/TerrainData_ed788892-b304-4567-b0dd-730877065746.asset
  artifactKey: Guid(12942258e02301a49922eabd836d8019) Importer(815301076,1909f56bfc062723c751e8b465ee728b)
Start importing Assets/TerrainData_ed788892-b304-4567-b0dd-730877065746.asset using Guid(12942258e02301a49922eabd836d8019) Importer(815301076,1909f56bfc062723c751e8b465ee728b)  -> (artifact id: '586ca25629fd8977a73f37073fef2464') in 0.022625 seconds 
========================================================================
Received Import Request.
  Time since last request: 1764.780955 seconds.
  path: Assets/heightmap.raw
  artifactKey: Guid(3781b6bf89f288340aa0fe39cd2121e4) Importer(815301076,1909f56bfc062723c751e8b465ee728b)
Start importing Assets/heightmap.raw using Guid(3781b6bf89f288340aa0fe39cd2121e4) Importer(815301076,1909f56bfc062723c751e8b465ee728b)  -> (artifact id: 'c91c5566c22073da75fd477d01391fca') in 0.027995 seconds 
========================================================================
Received Import Request.
  Time since last request: 1285.648532 seconds.
  path: Assets/New Terrain.asset
  artifactKey: Guid(899bcaa5a4023c54183f85494c20bdb7) Importer(815301076,1909f56bfc062723c751e8b465ee728b)
Start importing Assets/New Terrain.asset using Guid(899bcaa5a4023c54183f85494c20bdb7) Importer(815301076,1909f56bfc062723c751e8b465ee728b)  -> (artifact id: 'ff0b9613f55a0662e74d9ec81878159c') in 0.028016 seconds 
========================================================================
Received Import Request.
  Time since last request: 5617.623232 seconds.
  path: Assets/New Terrain 1.asset
  artifactKey: Guid(78f3a41e90069214e8496f83a464680d) Importer(815301076,1909f56bfc062723c751e8b465ee728b)
Start importing Assets/New Terrain 1.asset using Guid(78f3a41e90069214e8496f83a464680d) Importer(815301076,1909f56bfc062723c751e8b465ee728b)  -> (artifact id: 'bbe8f2514d18309f10d69f96b72a7e19') in 0.019035 seconds 
========================================================================
Received Import Request.
  Time since last request: 889.445797 seconds.
  path: Assets/Heightmap
  artifactKey: Guid(83dc08d40da5240448c704c63c8afd3d) Importer(815301076,1909f56bfc062723c751e8b465ee728b)
Start importing Assets/Heightmap using Guid(83dc08d40da5240448c704c63c8afd3d) Importer(815301076,1909f56bfc062723c751e8b465ee728b)  -> (artifact id: '0e190614a95f292e687d965281506196') in 0.007912 seconds 
========================================================================
Received Import Request.
  Time since last request: 23.667359 seconds.
  path: Assets/Heightmap/png
  artifactKey: Guid(fb9391b32fd76b44787e7b769ccb1de4) Importer(815301076,1909f56bfc062723c751e8b465ee728b)
Start importing Assets/Heightmap/png using Guid(fb9391b32fd76b44787e7b769ccb1de4) Importer(815301076,1909f56bfc062723c751e8b465ee728b)  -> (artifact id: '68b865fcf25af36546f649b2b4bfd4d7') in 0.007719 seconds 
========================================================================
Received Import Request.
  Time since last request: 2.693450 seconds.
  path: Assets/Scenes/SampleScene.unity
  artifactKey: Guid(9fc0d4010bbf28b4594072e72b8655ab) Importer(815301076,1909f56bfc062723c751e8b465ee728b)
Start importing Assets/Scenes/SampleScene.unity using Guid(9fc0d4010bbf28b4594072e72b8655ab) Importer(815301076,1909f56bfc062723c751e8b465ee728b)  -> (artifact id: '00000000000000000000000000000000') in 0.567625 seconds  code(4) message(Build asset version error: assets/scenes/samplescene.unity in SourceAssetDB has modification time of '2023-06-21T02:54:23.2391122Z' while content on disk has modification time of '0001-01-01T00:00:00Z' with error code 2
Stacktrace:
0x00007ff6ee2bbe5d (Unity) StackWalker::GetCurrentCallstack
0x00007ff6ee2c2a19 (Unity) StackWalker::ShowCallstack
0x00007ff6ef249d93 (Unity) GetStacktrace
0x00007ff6ef5ea934 (Unity) GetAssetHashAndValidate
0x00007ff6ef5e5e98 (Unity) AssetVersionBuilder::BuildHashOfSourceAssetArray
0x00007ff6ef5e3c3c (Unity) AssetVersionBuilder::BuildAssetVersion
0x00007ff6ef569b44 (Unity) CreateAssetVersionBuilder
0x00007ff6ef570646 (Unity) ImportToObjects
0x00007ff6ef56f373 (Unity) ImportAsset
0x00007ff6ef591dd1 (Unity) AssetImportWorker::Import
0x00007ff6ef5f99e8 (Unity) <lambda_4280b031ebcc7d1adb8e337ef41df5eb>::operator()
0x00007ff6ef63bd12 (Unity) asio::detail::completion_handler<core::mutable_function<void __cdecl(void)>,asio::io_context::basic_executor_type<std::allocator<void>,0> >::do_complete
0x00007ff6ef627bfe (Unity) asio::detail::win_iocp_io_context::do_one
0x00007ff6ef629864 (Unity) asio::detail::win_iocp_io_context::run
0x00007ff6ef63a0fe (Unity) IOService::Run
0x00007ff6ef60c80f (Unity) AssetImportWorkerClient::Run
0x00007ff6ef5d4e03 (Unity) RunAssetImportWorkerClientV2
0x00007ff6ef5d4e8b (Unity) RunAssetImporterV2
0x00007ff6eedeebf8 (Unity) Application::InitializeProject
0x00007ff6ef2544f8 (Unity) WinMain
0x00007ff6f061d0ee (Unity) __scrt_common_main_seh
0x00007ffabbbb7614 (KERNEL32) BaseThreadInitThunk
0x00007ffabd0426f1 (ntdll) RtlUserThreadStart
)
  ERROR: Build asset version error: assets/scenes/samplescene.unity in SourceAssetDB has modification time of '2023-06-21T02:54:23.2391122Z' while content on disk has modification time of '0001-01-01T00:00:00Z' with error code 2
Stacktrace:
0x00007ff6ee2bbe5d (Unity) StackWalker::GetCurrentCallstack
0x00007ff6ee2c2a19 (Unity) StackWalker::ShowCallstack
0x00007ff6ef249d93 (Unity) GetStacktrace
0x00007ff6ef5ea934 (Unity) GetAssetHashAndValidate
0x00007ff6ef5e5e98 (Unity) AssetVersionBuilder::BuildHashOfSourceAssetArray
0x00007ff6ef5e3c3c (Unity) AssetVersionBuilder::BuildAssetVersion
0x00007ff6ef569b44 (Unity) CreateAssetVersionBuilder
0x00007ff6ef570646 (Unity) ImportToObjects
0x00007ff6ef56f373 (Unity) ImportAsset
0x00007ff6ef591dd1 (Unity) AssetImportWorker::Import
0x00007ff6ef5f99e8 (Unity) <lambda_4280b031ebcc7d1adb8e337ef41df5eb>::operator()
0x00007ff6ef63bd12 (Unity) asio::detail::completion_handler<core::mutable_function<void __cdecl(void)>,asio::io_context::basic_executor_type<std::allocator<void>,0> >::do_complete
0x00007ff6ef627bfe (Unity) asio::detail::win_iocp_io_context::do_one
0x00007ff6ef629864 (Unity) asio::detail::win_iocp_io_context::run
0x00007ff6ef63a0fe (Unity) IOService::Run
0x00007ff6ef60c80f (Unity) AssetImportWorkerClient::Run
0x00007ff6ef5d4e03 (Unity) RunAssetImportWorkerClientV2
0x00007ff6ef5d4e8b (Unity) RunAssetImporterV2
0x00007ff6eedeebf8 (Unity) Application::InitializeProject
0x00007ff6ef2544f8 (Unity) WinMain
0x00007ff6f061d0ee (Unity) __scrt_common_main_seh
0x00007ffabbbb7614 (KERNEL32) BaseThreadInitThunk
0x00007ffabd0426f1 (ntdll) RtlUserThreadStart

========================================================================
Received Import Request.
  Time since last request: 20.309746 seconds.
  path: Assets/Scenes/SampleScene.unity
  artifactKey: Guid(9fc0d4010bbf28b4594072e72b8655ab) Importer(815301076,1909f56bfc062723c751e8b465ee728b)
Start importing Assets/Scenes/SampleScene.unity using Guid(9fc0d4010bbf28b4594072e72b8655ab) Importer(815301076,1909f56bfc062723c751e8b465ee728b)  -> (artifact id: '16f9b7d5e21b8c6feaee8293fe203376') in 0.007548 seconds 
========================================================================
Received Import Request.
  Time since last request: 2.485465 seconds.
  path: Assets/Scenes/Heightmap.unity
  artifactKey: Guid(024dbfa322e58ca4f9fefcd513923727) Importer(815301076,1909f56bfc062723c751e8b465ee728b)
Start importing Assets/Scenes/Heightmap.unity using Guid(024dbfa322e58ca4f9fefcd513923727) Importer(815301076,1909f56bfc062723c751e8b465ee728b)  -> (artifact id: '2d4e1862015e0e730ccb4022a61b7fa8') in 0.007778 seconds 
========================================================================
Received Import Request.
  Time since last request: 30.773798 seconds.
  path: Assets/New Terrain.asset
  artifactKey: Guid(899bcaa5a4023c54183f85494c20bdb7) Importer(815301076,1909f56bfc062723c751e8b465ee728b)
Start importing Assets/New Terrain.asset using Guid(899bcaa5a4023c54183f85494c20bdb7) Importer(815301076,1909f56bfc062723c751e8b465ee728b)  -> (artifact id: 'c73729859c38f81f76ab625f17503893') in 0.010657 seconds 
========================================================================
Received Import Request.
  Time since last request: 31.225683 seconds.
  path: Assets/New Terrain.asset
  artifactKey: Guid(899bcaa5a4023c54183f85494c20bdb7) Importer(815301076,1909f56bfc062723c751e8b465ee728b)
Start importing Assets/New Terrain.asset using Guid(899bcaa5a4023c54183f85494c20bdb7) Importer(815301076,1909f56bfc062723c751e8b465ee728b)  -> (artifact id: '4763a7ab01bf69c29678598fc71d0440') in 0.003305 seconds 
